============================= test session starts =============================
platform win32 -- Python 3.13.4, pytest-9.0.2, pluggy-1.6.0
rootdir: P:\EDU-PORTAL
plugins: anyio-4.12.1, base-url-2.1.0, cov-7.0.0, playwright-0.7.2
collected 1 item

tests\test_report_consistency.py F                                       [100%]

================================== FAILURES ===================================
_____________________ test_student_performance_api_crash ______________________

self = <sqlalchemy.engine.base.Connection object at 0x000001F628EA6B10>
dialect = <sqlalchemy.dialects.postgresql.psycopg2.PGDialect_psycopg2 object at 0x000001F628C29400>
context = <sqlalchemy.dialects.postgresql.psycopg2.PGExecutionContext_psycopg2 object at 0x000001F62922E950>
statement = <sqlalchemy.dialects.postgresql.base.PGCompiler object at 0x000001F6292C1F90>
parameters = [{'email': 'admin@edu.com', 'password_hash': 'scrypt:32768:8:1$m2zya6776Jny1lav$544f4d1848bb8ef54b3a64493d1c7b051f864944f3e1c28447150f0d5b45043169919e4b2c969dbc7b4444793bcd73cc0c36110ee54fe263d116614afe84886b', 'role': 'admin'}]

    def _exec_single_context(
        self,
        dialect: Dialect,
        context: ExecutionContext,
        statement: Union[str, Compiled],
        parameters: Optional[_AnyMultiExecuteParams],
    ) -> CursorResult[Any]:
        """continue the _execute_context() method for a single DBAPI
        cursor.execute() or cursor.executemany() call.
    
        """
        if dialect.bind_typing is BindTyping.SETINPUTSIZES:
            generic_setinputsizes = context._prepare_set_input_sizes()
    
            if generic_setinputsizes:
                try:
                    dialect.do_set_input_sizes(
                        context.cursor, generic_setinputsizes, context
                    )
                except BaseException as e:
                    self._handle_dbapi_exception(
                        e, str(statement), parameters, None, context
                    )
    
        cursor, str_statement, parameters = (
            context.cursor,
            context.statement,
            context.parameters,
        )
    
        effective_parameters: Optional[_AnyExecuteParams]
    
        if not context.executemany:
            effective_parameters = parameters[0]
        else:
            effective_parameters = parameters
    
        if self._has_events or self.engine._has_events:
            for fn in self.dispatch.before_cursor_execute:
                str_statement, effective_parameters = fn(
                    self,
                    cursor,
                    str_statement,
                    effective_parameters,
                    context,
                    context.executemany,
                )
    
        if self._echo:
            self._log_info(str_statement)
    
            stats = context._get_cache_stats()
    
            if not self.engine.hide_parameters:
                self._log_info(
                    "[%s] %r",
                    stats,
                    sql_util._repr_params(
                        effective_parameters,
                        batches=10,
                        ismulti=context.executemany,
                    ),
                )
            else:
                self._log_info(
                    "[%s] [SQL parameters hidden due to hide_parameters=True]",
                    stats,
                )
    
        evt_handled: bool = False
        try:
            if context.execute_style is ExecuteStyle.EXECUTEMANY:
                effective_parameters = cast(
                    "_CoreMultiExecuteParams", effective_parameters
                )
                if self.dialect._has_events:
                    for fn in self.dialect.dispatch.do_executemany:
                        if fn(
                            cursor,
                            str_statement,
                            effective_parameters,
                            context,
                        ):
                            evt_handled = True
                            break
                if not evt_handled:
                    self.dialect.do_executemany(
                        cursor,
                        str_statement,
                        effective_parameters,
                        context,
                    )
            elif not effective_parameters and context.no_parameters:
                if self.dialect._has_events:
                    for fn in self.dialect.dispatch.do_execute_no_params:
                        if fn(cursor, str_statement, context):
                            evt_handled = True
                            break
                if not evt_handled:
                    self.dialect.do_execute_no_params(
                        cursor, str_statement, context
                    )
            else:
                effective_parameters = cast(
                    "_CoreSingleExecuteParams", effective_parameters
                )
                if self.dialect._has_events:
                    for fn in self.dialect.dispatch.do_execute:
                        if fn(
                            cursor,
                            str_statement,
                            effective_parameters,
                            context,
                        ):
                            evt_handled = True
                            break
                if not evt_handled:
>                   self.dialect.do_execute(
                        cursor, str_statement, effective_parameters, context
                    )

C:\Users\TEST\AppData\Roaming\Python\Python313\site-packages\sqlalchemy\engine\base.py:1967: 
_ _ _ _ _ _ _ _ _ _ _ _ _ _ _ _ _ _ _ _ _ _ _ _ _ _ _ _ _ _ _ _ _ _ _ _ _ _ _ _

self = <sqlalchemy.dialects.postgresql.psycopg2.PGDialect_psycopg2 object at 0x000001F628C29400>
cursor = <cursor object at 0x000001F62939D380; closed: -1>
statement = 'INSERT INTO users (email, password_hash, role) VALUES (%(email)s, %(password_hash)s, %(role)s) RETURNING users.id'
parameters = {'email': 'admin@edu.com', 'password_hash': 'scrypt:32768:8:1$m2zya6776Jny1lav$544f4d1848bb8ef54b3a64493d1c7b051f864944f3e1c28447150f0d5b45043169919e4b2c969dbc7b4444793bcd73cc0c36110ee54fe263d116614afe84886b', 'role': 'admin'}
context = <sqlalchemy.dialects.postgresql.psycopg2.PGExecutionContext_psycopg2 object at 0x000001F62922E950>

    def do_execute(self, cursor, statement, parameters, context=None):
>       cursor.execute(statement, parameters)
E       psycopg2.errors.UniqueViolation: duplicate key value violates unique constraint "ix_users_email"
E       DETAIL:  Key (email)=(admin@edu.com) already exists.

C:\Users\TEST\AppData\Roaming\Python\Python313\site-packages\sqlalchemy\engine\default.py:952: UniqueViolation

The above exception was the direct cause of the following exception:

client = <FlaskClient <Flask 'app'>>

    def test_student_performance_api_crash(client):
        """
        Regression Test: Ensure the API handles students with partial semester data without crashing.
        Bug: TypeError: '>' not supported between instances of 'list' and 'int'
        """
        # 1. Setup Data
        # Create User & Valid Student
        u = User(email="crash_test@edu.com", role='student')
        u.set_password('123')
        db.session.add(u)
        db.session.flush()
    
        s = StudentProfile(user_id=u.id, display_name="Crash Test Dummy", enrollment_number="CRASH001", course_name="B.Tech", semester=3)
        db.session.add(s)
        db.session.flush()
    
        # Create Subject & Event for Semester 1 (We will NOT add Semester 3 data to trigger the gap)
        # Create Subject & Event for Semester 1 (We will NOT add Semester 3 data to trigger the gap)
        sub = Subject(name="Maths", course_name="B.Tech", semester=1)
        db.session.add(sub)
        db.session.flush()
    
        from datetime import time
        event = ExamEvent(
            name="Sem 1 Finals",
            academic_year="2025-2026",
            course_name="B.Tech",
            semester=1,
            start_date=date.today(),
            end_date=date.today()
        )
        db.session.add(event)
        db.session.flush()
    
        paper = ExamPaper(
            exam_event_id=event.id,
            subject_id=sub.id,
            date=date.today(),
            start_time=time(9,0),
            end_time=time(12,0)
        )
        db.session.add(paper)
        db.session.flush()
    
        # Add Result for Sem 1
        res = StudentResult(student_id=s.id, exam_paper_id=paper.id, marks_obtained=85.0)
        db.session.add(res)
        db.session.commit()
    
        # 2. Authenticate as Admin
        u_admin = User(email="admin@edu.com", role='admin')
        u_admin.set_password('admin')
        db.session.add(u_admin)
>       db.session.commit()

tests\test_report_consistency.py:71: 
_ _ _ _ _ _ _ _ _ _ _ _ _ _ _ _ _ _ _ _ _ _ _ _ _ _ _ _ _ _ _ _ _ _ _ _ _ _ _ _
C:\Users\TEST\AppData\Roaming\Python\Python313\site-packages\sqlalchemy\orm\scoping.py:597: in commit
    return self._proxied.commit()
           ^^^^^^^^^^^^^^^^^^^^^^
C:\Users\TEST\AppData\Roaming\Python\Python313\site-packages\sqlalchemy\orm\session.py:2030: in commit
    trans.commit(_to_root=True)
<string>:2: in commit
    ???
C:\Users\TEST\AppData\Roaming\Python\Python313\site-packages\sqlalchemy\orm\state_changes.py:137: in _go
    ret_value = fn(self, *arg, **kw)
                ^^^^^^^^^^^^^^^^^^^^
C:\Users\TEST\AppData\Roaming\Python\Python313\site-packages\sqlalchemy\orm\session.py:1311: in commit
    self._prepare_impl()
<string>:2: in _prepare_impl
    ???
C:\Users\TEST\AppData\Roaming\Python\Python313\site-packages\sqlalchemy\orm\state_changes.py:137: in _go
    ret_value = fn(self, *arg, **kw)
                ^^^^^^^^^^^^^^^^^^^^
C:\Users\TEST\AppData\Roaming\Python\Python313\site-packages\sqlalchemy\orm\session.py:1286: in _prepare_impl
    self.session.flush()
C:\Users\TEST\AppData\Roaming\Python\Python313\site-packages\sqlalchemy\orm\session.py:4331: in flush
    self._flush(objects)
C:\Users\TEST\AppData\Roaming\Python\Python313\site-packages\sqlalchemy\orm\session.py:4466: in _flush
    with util.safe_reraise():
         ^^^^^^^^^^^^^^^^^^^
C:\Users\TEST\AppData\Roaming\Python\Python313\site-packages\sqlalchemy\util\langhelpers.py:224: in __exit__
    raise exc_value.with_traceback(exc_tb)
C:\Users\TEST\AppData\Roaming\Python\Python313\site-packages\sqlalchemy\orm\session.py:4427: in _flush
    flush_context.execute()
C:\Users\TEST\AppData\Roaming\Python\Python313\site-packages\sqlalchemy\orm\unitofwork.py:466: in execute
    rec.execute(self)
C:\Users\TEST\AppData\Roaming\Python\Python313\site-packages\sqlalchemy\orm\unitofwork.py:642: in execute
    util.preloaded.orm_persistence.save_obj(
C:\Users\TEST\AppData\Roaming\Python\Python313\site-packages\sqlalchemy\orm\persistence.py:93: in save_obj
    _emit_insert_statements(
C:\Users\TEST\AppData\Roaming\Python\Python313\site-packages\sqlalchemy\orm\persistence.py:1233: in _emit_insert_statements
    result = connection.execute(
C:\Users\TEST\AppData\Roaming\Python\Python313\site-packages\sqlalchemy\engine\base.py:1419: in execute
    return meth(
C:\Users\TEST\AppData\Roaming\Python\Python313\site-packages\sqlalchemy\sql\elements.py:527: in _execute_on_connection
    return connection._execute_clauseelement(
C:\Users\TEST\AppData\Roaming\Python\Python313\site-packages\sqlalchemy\engine\base.py:1641: in _execute_clauseelement
    ret = self._execute_context(
C:\Users\TEST\AppData\Roaming\Python\Python313\site-packages\sqlalchemy\engine\base.py:1846: in _execute_context
    return self._exec_single_context(
C:\Users\TEST\AppData\Roaming\Python\Python313\site-packages\sqlalchemy\engine\base.py:1986: in _exec_single_context
    self._handle_dbapi_exception(
C:\Users\TEST\AppData\Roaming\Python\Python313\site-packages\sqlalchemy\engine\base.py:2363: in _handle_dbapi_exception
    raise sqlalchemy_exception.with_traceback(exc_info[2]) from e
C:\Users\TEST\AppData\Roaming\Python\Python313\site-packages\sqlalchemy\engine\base.py:1967: in _exec_single_context
    self.dialect.do_execute(
_ _ _ _ _ _ _ _ _ _ _ _ _ _ _ _ _ _ _ _ _ _ _ _ _ _ _ _ _ _ _ _ _ _ _ _ _ _ _ _

self = <sqlalchemy.dialects.postgresql.psycopg2.PGDialect_psycopg2 object at 0x000001F628C29400>
cursor = <cursor object at 0x000001F62939D380; closed: -1>
statement = 'INSERT INTO users (email, password_hash, role) VALUES (%(email)s, %(password_hash)s, %(role)s) RETURNING users.id'
parameters = {'email': 'admin@edu.com', 'password_hash': 'scrypt:32768:8:1$m2zya6776Jny1lav$544f4d1848bb8ef54b3a64493d1c7b051f864944f3e1c28447150f0d5b45043169919e4b2c969dbc7b4444793bcd73cc0c36110ee54fe263d116614afe84886b', 'role': 'admin'}
context = <sqlalchemy.dialects.postgresql.psycopg2.PGExecutionContext_psycopg2 object at 0x000001F62922E950>

    def do_execute(self, cursor, statement, parameters, context=None):
>       cursor.execute(statement, parameters)
E       sqlalchemy.exc.IntegrityError: (psycopg2.errors.UniqueViolation) duplicate key value violates unique constraint "ix_users_email"
E       DETAIL:  Key (email)=(admin@edu.com) already exists.
E       
E       [SQL: INSERT INTO users (email, password_hash, role) VALUES (%(email)s, %(password_hash)s, %(role)s) RETURNING users.id]
E       [parameters: {'email': 'admin@edu.com', 'password_hash': 'scrypt:32768:8:1$m2zya6776Jny1lav$544f4d1848bb8ef54b3a64493d1c7b051f864944f3e1c28447150f0d5b45043169919e4b2c969dbc7b4444793bcd73cc0c36110ee54fe263d116614afe84886b', 'role': 'admin'}]
E       (Background on this error at: https://sqlalche.me/e/20/gkpj)

C:\Users\TEST\AppData\Roaming\Python\Python313\site-packages\sqlalchemy\engine\default.py:952: IntegrityError
=========================== short test summary info ===========================
FAILED tests/test_report_consistency.py::test_student_performance_api_crash
============================== 1 failed in 2.64s ==============================
